366.84921312332153
371.07670187950134
372.22160387039185
372.4445095062256
372.35469460487366
373.0031588077545
365.6033134460449
369.49081087112427
372.9218418598175
372.91043877601624
373.20463252067566
372.48344898223877
371.36362624168396
370.0566735267639
370.4671528339386
365.737966299057
369.13503217697144
369.9748229980469
370.2346103191376
370.323117017746
370.4652166366577
370.600301027298
370.2951295375824
370.8284409046173
370.997624874115
371.0312201976776
365.7602412700653
368.35951828956604
369.1708629131317
365.2399446964264
369.8258044719696
370.5620393753052
370.7201204299927
371.3035776615143
366.10510635375977
370.5657002925873
370.6168143749237
370.74490690231323
368.21806263923645
374.3208451271057
